TN:
SF:src\js\app.js
FN:1,removeNoJS
FN:8,onScroll
FN:14,runFunctionForElements
FN:18,elementsInViewport
FN:25,isElementInViewport
FN:31,addAnimClass
FN:35,setTranslation
FN:42,onClick
FN:49,closeMenu
FNF:9
FNH:9
FNDA:1,removeNoJS
FNDA:1,onScroll
FNDA:3,runFunctionForElements
FNDA:3,elementsInViewport
FNDA:8,isElementInViewport
FNDA:2,addAnimClass
FNDA:7,setTranslation
FNDA:2,onClick
FNDA:2,closeMenu
DA:1,1
DA:2,1
DA:3,1
DA:4,1
DA:5,1
DA:6,1
DA:7,1
DA:8,1
DA:9,1
DA:10,1
DA:11,1
DA:12,1
DA:13,1
DA:14,1
DA:15,3
DA:16,3
DA:17,1
DA:18,1
DA:19,3
DA:20,3
DA:21,3
DA:22,3
DA:23,3
DA:24,1
DA:25,1
DA:26,8
DA:27,8
DA:28,8
DA:29,8
DA:30,1
DA:31,1
DA:32,2
DA:33,2
DA:34,1
DA:35,1
DA:36,7
DA:37,7
DA:38,7
DA:39,7
DA:40,7
DA:41,1
DA:42,1
DA:43,2
DA:44,2
DA:45,1
DA:46,1
DA:47,2
DA:48,1
DA:49,1
DA:50,2
DA:51,2
LF:51
LH:51
BRDA:1,0,0,1
BRDA:8,1,0,1
BRDA:14,2,0,3
BRDA:18,3,0,3
BRDA:25,4,0,8
BRDA:31,5,0,2
BRDA:35,6,0,7
BRDA:39,7,0,1
BRDA:39,8,0,6
BRDA:42,9,0,2
BRDA:44,10,0,1
BRDA:49,11,0,2
BRF:12
BRH:12
end_of_record
